----------------------------------------------------------------
Mon Apr 15 02:49:46 EDT 2019:
Booting Derby version The Apache Software Foundation - Apache Derby - 10.14.2.0 - (1828579): instance a816c00e-016a-1fc2-45cf-00001cebaae8 
on database directory D:\GitHubRepository\GitHubRep\ProjectsPortfolio\NaxSQL with class loader sun.misc.Launcher$AppClassLoader@6ce253f1 
Loaded from file:/D:/GitHubRepository/GitHubRep/ProjectsPortfolio/src/APIs/derby.jar
java.vendor=Oracle Corporation
java.runtime.version=1.8.0_201-b09
user.dir=D:\GitHubRepository\GitHubRep\ProjectsPortfolio
os.name=Windows 10
os.arch=amd64
os.version=10.0
derby.system.home=null
Database Class Loader started - derby.database.classpath=''
----------------------------------------------------------------
Mon Apr 15 02:50:42 EDT 2019:
Booting Derby version The Apache Software Foundation - Apache Derby - 10.14.2.0 - (1828579): instance 98ec802c-016a-1fc2-45cf-00001cebaae8 
on database directory D:\GitHubRepository\GitHubRep\ProjectsPortfolio\NaxStockSQL with class loader sun.misc.Launcher$AppClassLoader@6ce253f1 
Loaded from file:/D:/GitHubRepository/GitHubRep/ProjectsPortfolio/src/APIs/derby.jar
java.vendor=Oracle Corporation
java.runtime.version=1.8.0_201-b09
user.dir=D:\GitHubRepository\GitHubRep\ProjectsPortfolio
os.name=Windows 10
os.arch=amd64
os.version=10.0
derby.system.home=null
Database Class Loader started - derby.database.classpath=''
----------------------------------------------------------------
Mon Apr 15 02:51:10 EDT 2019: Shutting down Derby engine
----------------------------------------------------------------
Mon Apr 15 02:51:10 EDT 2019:
Shutting down instance 98ec802c-016a-1fc2-45cf-00001cebaae8 on database directory D:\GitHubRepository\GitHubRep\ProjectsPortfolio\NaxStockSQL with class loader sun.misc.Launcher$AppClassLoader@6ce253f1 
----------------------------------------------------------------
Mon Apr 15 02:51:10 EDT 2019:
Shutting down instance a816c00e-016a-1fc2-45cf-00001cebaae8 on database directory D:\GitHubRepository\GitHubRep\ProjectsPortfolio\NaxSQL with class loader sun.misc.Launcher$AppClassLoader@6ce253f1 
----------------------------------------------------------------
